This file contains any messages produced by compilers while
running configure, to aid debugging if configure makes a mistake.

It was created by c_icap_classify configure 00000x, which was
generated by GNU Autoconf 2.69.  Invocation command line was

  $ ./configure 

## --------- ##
## Platform. ##
## --------- ##

hostname = localhost.localdomain
uname -m = x86_64
uname -r = 3.10.0-957.el7.x86_64
uname -s = Linux
uname -v = #1 SMP Thu Nov 8 23:39:32 UTC 2018

/usr/bin/uname -p = x86_64
/bin/uname -X     = unknown

/bin/arch              = x86_64
/usr/bin/arch -k       = unknown
/usr/convex/getsysinfo = unknown
/usr/bin/hostinfo      = unknown
/bin/machine           = unknown
/usr/bin/oslevel       = unknown
/bin/universe          = unknown

PATH: /usr/local/sbin
PATH: /usr/local/bin
PATH: /usr/sbin
PATH: /usr/bin
PATH: /root/bin


## ----------- ##
## Core tests. ##
## ----------- ##

configure:1973: checking whether to enable maintainer-specific portions of Makefiles
configure:1982: result: no
configure:2043: checking for a BSD-compatible install
configure:2111: result: /usr/bin/install -c
configure:2122: checking whether build environment is sane
configure:2177: result: yes
configure:2328: checking for a thread-safe mkdir -p
configure:2367: result: /usr/bin/mkdir -p
configure:2374: checking for gawk
configure:2390: found /usr/bin/gawk
configure:2401: result: gawk
configure:2412: checking whether make sets $(MAKE)
configure:2434: result: yes
configure:2463: checking whether make supports nested variables
configure:2480: result: yes
configure:2613: checking for gcc
configure:2629: found /usr/bin/gcc
configure:2640: result: gcc
configure:2869: checking for C compiler version
configure:2878: gcc --version >&5
gcc (GCC) 4.8.5 20150623 (Red Hat 4.8.5-36)
Copyright (C) 2015 Free Software Foundation, Inc.
This is free software; see the source for copying conditions.  There is NO
warranty; not even for MERCHANTABILITY or FITNESS FOR A PARTICULAR PURPOSE.

configure:2889: $? = 0
configure:2878: gcc -v >&5
Using built-in specs.
COLLECT_GCC=gcc
COLLECT_LTO_WRAPPER=/usr/libexec/gcc/x86_64-redhat-linux/4.8.5/lto-wrapper
Target: x86_64-redhat-linux
Configured with: ../configure --prefix=/usr --mandir=/usr/share/man --infodir=/usr/share/info --with-bugurl=http://bugzilla.redhat.com/bugzilla --enable-bootstrap --enable-shared --enable-threads=posix --enable-checking=release --with-system-zlib --enable-__cxa_atexit --disable-libunwind-exceptions --enable-gnu-unique-object --enable-linker-build-id --with-linker-hash-style=gnu --enable-languages=c,c++,objc,obj-c++,java,fortran,ada,go,lto --enable-plugin --enable-initfini-array --disable-libgcj --with-isl=/builddir/build/BUILD/gcc-4.8.5-20150702/obj-x86_64-redhat-linux/isl-install --with-cloog=/builddir/build/BUILD/gcc-4.8.5-20150702/obj-x86_64-redhat-linux/cloog-install --enable-gnu-indirect-function --with-tune=generic --with-arch_32=x86-64 --build=x86_64-redhat-linux
Thread model: posix
gcc version 4.8.5 20150623 (Red Hat 4.8.5-36) (GCC) 
configure:2889: $? = 0
configure:2878: gcc -V >&5
gcc: error: unrecognized command line option '-V'
gcc: fatal error: no input files
compilation terminated.
configure:2889: $? = 4
configure:2878: gcc -qversion >&5
gcc: error: unrecognized command line option '-qversion'
gcc: fatal error: no input files
compilation terminated.
configure:2889: $? = 4
configure:2909: checking whether the C compiler works
configure:2931: gcc    conftest.c  >&5
configure:2935: $? = 0
configure:2983: result: yes
configure:2986: checking for C compiler default output file name
configure:2988: result: a.out
configure:2994: checking for suffix of executables
configure:3001: gcc -o conftest    conftest.c  >&5
configure:3005: $? = 0
configure:3027: result: 
configure:3049: checking whether we are cross compiling
configure:3057: gcc -o conftest    conftest.c  >&5
configure:3061: $? = 0
configure:3068: ./conftest
configure:3072: $? = 0
configure:3087: result: no
configure:3092: checking for suffix of object files
configure:3114: gcc -c   conftest.c >&5
configure:3118: $? = 0
configure:3139: result: o
configure:3143: checking whether we are using the GNU C compiler
configure:3162: gcc -c   conftest.c >&5
configure:3162: $? = 0
configure:3171: result: yes
configure:3180: checking whether gcc accepts -g
configure:3200: gcc -c -g  conftest.c >&5
configure:3200: $? = 0
configure:3241: result: yes
configure:3258: checking for gcc option to accept ISO C89
configure:3321: gcc  -c -g -O2  conftest.c >&5
configure:3321: $? = 0
configure:3334: result: none needed
configure:3365: checking for style of include used by make
configure:3393: result: GNU
configure:3419: checking dependency style of gcc
configure:3530: result: none
configure:3546: checking whether gcc and cc understand -c and -o together
configure:3577: gcc -c conftest.c -o conftest2.o >&5
configure:3581: $? = 0
configure:3587: gcc -c conftest.c -o conftest2.o >&5
configure:3591: $? = 0
configure:3602: cc -c conftest.c >&5
configure:3606: $? = 0
configure:3614: cc -c conftest.c -o conftest2.o >&5
configure:3618: $? = 0
configure:3624: cc -c conftest.c -o conftest2.o >&5
configure:3628: $? = 0
configure:3646: result: yes
configure:3739: checking for endianness
configure:3759: gcc -o conftest -g -O2 -Wall -fvisibility=hidden -DCI_BUILD_MODULE -D_REENTRANT -g -O2 -Wall -D_FILE_OFFSET_BITS=64 -I/usr/local/include -I/usr/local/include/c_icap   conftest.c  >&5
configure:3759: $? = 0
configure:3759: ./conftest
configure:3759: $? = 1
configure: program exited with status 1
configure: failed program was:
| /* confdefs.h */
| #define PACKAGE_NAME "c_icap_classify"
| #define PACKAGE_TARNAME "c_icap_classify"
| #define PACKAGE_VERSION "00000x"
| #define PACKAGE_STRING "c_icap_classify 00000x"
| #define PACKAGE_BUGREPORT ""
| #define PACKAGE_URL ""
| #define PACKAGE "c_icap_classify"
| #define VERSION "00000x"
| /* end confdefs.h.  */
| 
| int main()
| {
| short one = 1;
| char *cp = (char*)&one;
| if ( *cp == 0 )
| return(0);
| else
| return(1);
| }
| 
configure:3780: checking for special C compiler options needed for large files
configure:3825: result: no
configure:3831: checking for _FILE_OFFSET_BITS value needed for large files
configure:3856: gcc -c -g -O2 -Wall -fvisibility=hidden -DCI_BUILD_MODULE -D_REENTRANT -g -O2 -Wall -D_FILE_OFFSET_BITS=64 -I/usr/local/include -I/usr/local/include/c_icap -DLITTLE_ENDIAN  conftest.c >&5
configure:3856: $? = 0
configure:3888: result: no
configure:4007: checking for OpenCV older than 2.2.x
configure:4009: checking for cvCreateImage in -lcxcore
configure:4034: gcc -o conftest    conftest.c -lcxcore   >&5
/usr/bin/ld: cannot find -lcxcore
collect2: error: ld returned 1 exit status
configure:4034: $? = 1
configure: failed program was:
| /* confdefs.h */
| #define PACKAGE_NAME "c_icap_classify"
| #define PACKAGE_TARNAME "c_icap_classify"
| #define PACKAGE_VERSION "00000x"
| #define PACKAGE_STRING "c_icap_classify 00000x"
| #define PACKAGE_BUGREPORT ""
| #define PACKAGE_URL ""
| #define PACKAGE "c_icap_classify"
| #define VERSION "00000x"
| #define LITTLE_ENDIAN 1
| /* end confdefs.h.  */
| 
| /* Override any GCC internal prototype to avoid an error.
|    Use char because int might match the return type of a GCC
|    builtin and then its argument prototype would still apply.  */
| #ifdef __cplusplus
| extern "C"
| #endif
| char cvCreateImage ();
| int
| main ()
| {
| return cvCreateImage ();
|   ;
|   return 0;
| }
configure:4043: result: no
configure:4049: checking for OpenCV 2.2.x or newer
configure:4051: checking for cvCreateImage in -lopencv_core
configure:4076: gcc -o conftest    conftest.c -lopencv_core   >&5
/usr/bin/ld: cannot find -lopencv_core
collect2: error: ld returned 1 exit status
configure:4076: $? = 1
configure: failed program was:
| /* confdefs.h */
| #define PACKAGE_NAME "c_icap_classify"
| #define PACKAGE_TARNAME "c_icap_classify"
| #define PACKAGE_VERSION "00000x"
| #define PACKAGE_STRING "c_icap_classify 00000x"
| #define PACKAGE_BUGREPORT ""
| #define PACKAGE_URL ""
| #define PACKAGE "c_icap_classify"
| #define VERSION "00000x"
| #define LITTLE_ENDIAN 1
| /* end confdefs.h.  */
| 
| /* Override any GCC internal prototype to avoid an error.
|    Use char because int might match the return type of a GCC
|    builtin and then its argument prototype would still apply.  */
| #ifdef __cplusplus
| extern "C"
| #endif
| char cvCreateImage ();
| int
| main ()
| {
| return cvCreateImage ();
|   ;
|   return 0;
| }
configure:4085: result: no
configure:4091: checking for OpenCV 2.3.x or newer
configure:4093: checking for cvResize in -lopencv_imgproc
configure:4118: gcc -o conftest    conftest.c -lopencv_imgproc   >&5
/usr/bin/ld: cannot find -lopencv_imgproc
collect2: error: ld returned 1 exit status
configure:4118: $? = 1
configure: failed program was:
| /* confdefs.h */
| #define PACKAGE_NAME "c_icap_classify"
| #define PACKAGE_TARNAME "c_icap_classify"
| #define PACKAGE_VERSION "00000x"
| #define PACKAGE_STRING "c_icap_classify 00000x"
| #define PACKAGE_BUGREPORT ""
| #define PACKAGE_URL ""
| #define PACKAGE "c_icap_classify"
| #define VERSION "00000x"
| #define LITTLE_ENDIAN 1
| /* end confdefs.h.  */
| 
| /* Override any GCC internal prototype to avoid an error.
|    Use char because int might match the return type of a GCC
|    builtin and then its argument prototype would still apply.  */
| #ifdef __cplusplus
| extern "C"
| #endif
| char cvResize ();
| int
| main ()
| {
| return cvResize ();
|   ;
|   return 0;
| }
configure:4127: result: no
configure:4210: checking for OpenCV older than 2.2.x
configure:4212: checking for cvCreateImage in -lcxcore
configure:4237: gcc -o conftest  -fPIC   conftest.c -lcxcore   >&5
/usr/bin/ld: cannot find -lcxcore
collect2: error: ld returned 1 exit status
configure:4237: $? = 1
configure: failed program was:
| /* confdefs.h */
| #define PACKAGE_NAME "c_icap_classify"
| #define PACKAGE_TARNAME "c_icap_classify"
| #define PACKAGE_VERSION "00000x"
| #define PACKAGE_STRING "c_icap_classify 00000x"
| #define PACKAGE_BUGREPORT ""
| #define PACKAGE_URL ""
| #define PACKAGE "c_icap_classify"
| #define VERSION "00000x"
| #define LITTLE_ENDIAN 1
| /* end confdefs.h.  */
| 
| /* Override any GCC internal prototype to avoid an error.
|    Use char because int might match the return type of a GCC
|    builtin and then its argument prototype would still apply.  */
| #ifdef __cplusplus
| extern "C"
| #endif
| char cvCreateImage ();
| int
| main ()
| {
| return cvCreateImage ();
|   ;
|   return 0;
| }
configure:4246: result: no
configure:4252: checking for OpenCV 2.2.x or newer
configure:4254: checking for cvCreateImage in -lopencv_core
configure:4279: gcc -o conftest  -fPIC   conftest.c -lopencv_core   >&5
/usr/bin/ld: cannot find -lopencv_core
collect2: error: ld returned 1 exit status
configure:4279: $? = 1
configure: failed program was:
| /* confdefs.h */
| #define PACKAGE_NAME "c_icap_classify"
| #define PACKAGE_TARNAME "c_icap_classify"
| #define PACKAGE_VERSION "00000x"
| #define PACKAGE_STRING "c_icap_classify 00000x"
| #define PACKAGE_BUGREPORT ""
| #define PACKAGE_URL ""
| #define PACKAGE "c_icap_classify"
| #define VERSION "00000x"
| #define LITTLE_ENDIAN 1
| /* end confdefs.h.  */
| 
| /* Override any GCC internal prototype to avoid an error.
|    Use char because int might match the return type of a GCC
|    builtin and then its argument prototype would still apply.  */
| #ifdef __cplusplus
| extern "C"
| #endif
| char cvCreateImage ();
| int
| main ()
| {
| return cvCreateImage ();
|   ;
|   return 0;
| }
configure:4288: result: no
configure:4294: checking for OpenCV 2.3.x or newer
configure:4296: checking for cvResize in -lopencv_imgproc
configure:4321: gcc -o conftest  -fPIC   conftest.c -lopencv_imgproc   >&5
/usr/bin/ld: cannot find -lopencv_imgproc
collect2: error: ld returned 1 exit status
configure:4321: $? = 1
configure: failed program was:
| /* confdefs.h */
| #define PACKAGE_NAME "c_icap_classify"
| #define PACKAGE_TARNAME "c_icap_classify"
| #define PACKAGE_VERSION "00000x"
| #define PACKAGE_STRING "c_icap_classify 00000x"
| #define PACKAGE_BUGREPORT ""
| #define PACKAGE_URL ""
| #define PACKAGE "c_icap_classify"
| #define VERSION "00000x"
| #define LITTLE_ENDIAN 1
| /* end confdefs.h.  */
| 
| /* Override any GCC internal prototype to avoid an error.
|    Use char because int might match the return type of a GCC
|    builtin and then its argument prototype would still apply.  */
| #ifdef __cplusplus
| extern "C"
| #endif
| char cvResize ();
| int
| main ()
| {
| return cvResize ();
|   ;
|   return 0;
| }
configure:4330: result: no
configure:4406: checking for scandir
configure:4406: gcc -o conftest -g -O2 -Wall -fvisibility=hidden -DCI_BUILD_MODULE -D_REENTRANT -g -O2 -Wall -D_FILE_OFFSET_BITS=64 -I/usr/local/include -I/usr/local/include/c_icap -DLITTLE_ENDIAN   conftest.c  >&5
configure:4406: $? = 0
configure:4406: result: yes
configure:4421: checking whether ln -s works
configure:4425: result: yes
configure:4434: checking for ln
configure:4452: found /usr/bin/ln
configure:4465: result: /usr/bin/ln
configure:4475: checking for rm
configure:4493: found /usr/bin/rm
configure:4506: result: /usr/bin/rm
configure:4640: checking that generated files are newer than configure
configure:4646: result: done
configure:4677: creating ./config.status

## ---------------------- ##
## Running config.status. ##
## ---------------------- ##

This file was extended by c_icap_classify config.status 00000x, which was
generated by GNU Autoconf 2.69.  Invocation command line was

  CONFIG_FILES    = 
  CONFIG_HEADERS  = 
  CONFIG_LINKS    = 
  CONFIG_COMMANDS = 
  $ ./config.status 

on localhost.localdomain

config.status:853: error: cannot find input file: `Makefile.in'

## ---------------- ##
## Cache variables. ##
## ---------------- ##

ac_cv_c_compiler_gnu=yes
ac_cv_env_CC_set=
ac_cv_env_CC_value=
ac_cv_env_CFLAGS_set=
ac_cv_env_CFLAGS_value=
ac_cv_env_CPPFLAGS_set=
ac_cv_env_CPPFLAGS_value=
ac_cv_env_LDFLAGS_set=
ac_cv_env_LDFLAGS_value=
ac_cv_env_LIBS_set=
ac_cv_env_LIBS_value=
ac_cv_env_build_alias_set=
ac_cv_env_build_alias_value=
ac_cv_env_host_alias_set=
ac_cv_env_host_alias_value=
ac_cv_env_target_alias_set=
ac_cv_env_target_alias_value=
ac_cv_func_scandir=yes
ac_cv_lib_cxcore_cvCreateImage=no
ac_cv_lib_opencv_core_cvCreateImage=no
ac_cv_lib_opencv_imgproc_cvResize=no
ac_cv_objext=o
ac_cv_path_LN=/usr/bin/ln
ac_cv_path_RM=/usr/bin/rm
ac_cv_path_install='/usr/bin/install -c'
ac_cv_path_mkdir=/usr/bin/mkdir
ac_cv_prog_AWK=gawk
ac_cv_prog_ac_ct_CC=gcc
ac_cv_prog_cc_c89=
ac_cv_prog_cc_g=yes
ac_cv_prog_cc_gcc_c_o=yes
ac_cv_prog_make_make_set=yes
ac_cv_sys_file_offset_bits=no
ac_cv_sys_largefile_CC=no
am_cv_CC_dependencies_compiler_type=none
am_cv_make_support_nested_variables=yes

## ----------------- ##
## Output variables. ##
## ----------------- ##

ACLOCAL='${SHELL} /root/c-icap-allow2/missing aclocal-1.13'
AMDEPBACKSLASH='\'
AMDEP_FALSE='#'
AMDEP_TRUE=''
AMTAR='$${TAR-tar}'
AM_BACKSLASH='\'
AM_DEFAULT_V='$(AM_DEFAULT_VERBOSITY)'
AM_DEFAULT_VERBOSITY='1'
AM_V='$(V)'
AUTOCONF='${SHELL} /root/c-icap-allow2/missing autoconf'
AUTOHEADER='${SHELL} /root/c-icap-allow2/missing autoheader'
AUTOMAKE='${SHELL} /root/c-icap-allow2/missing automake-1.13'
AWK='gawk'
CC='gcc'
CCDEPMODE='depmode=none'
CFLAGS='-g -O2 -Wall -fvisibility=hidden -DCI_BUILD_MODULE -D_REENTRANT -g -O2 -Wall -D_FILE_OFFSET_BITS=64 -I/usr/local/include -I/usr/local/include/c_icap -DLITTLE_ENDIAN'
CICAPMODULESDIR_FALSE='#'
CICAPMODULESDIR_TRUE=''
CONFDIR='/usr/local/etc/'
CPPFLAGS=''
CYGPATH_W='echo'
DATADIR='/usr/local/share/c_icap/'
DEFS='-DHAVE_CONFIG_H'
DEPDIR='.deps'
ECHO_C=''
ECHO_N='-n'
ECHO_T=''
EXEEXT=''
INSTALL_DATA='${INSTALL} -m 644'
INSTALL_PROGRAM='${INSTALL}'
INSTALL_SCRIPT='${INSTALL}'
INSTALL_STRIP_PROGRAM='$(install_sh) -c -s'
LDFLAGS=''
LIBOBJS=''
LIBS=''
LIBTOOL_DEPS=''
LN='/usr/bin/ln'
LN_S='ln -s'
LTLIBOBJS=''
MAINT='#'
MAINTAINER_MODE_FALSE=''
MAINTAINER_MODE_TRUE='#'
MAKEINFO='${SHELL} /root/c-icap-allow2/missing makeinfo'
MKDIR_P='/usr/bin/mkdir -p'
MODSDIR='/usr/local/lib/c_icap/'
MODULES_LIBADD=''
OBJEXT='o'
OPENCV_ADD_CFLAG=''
OPENCV_ADD_LDFLAG=''
PACKAGE='c_icap_classify'
PACKAGE_BUGREPORT=''
PACKAGE_NAME='c_icap_classify'
PACKAGE_STRING='c_icap_classify 00000x'
PACKAGE_TARNAME='c_icap_classify'
PACKAGE_URL=''
PACKAGE_VERSION='00000x'
PATH_SEPARATOR=':'
RM='/usr/bin/rm -f'
SET_MAKE=''
SHELL='/bin/sh'
STRIP=''
USEOPENCV_FALSE=''
USEOPENCV_TRUE='#'
VERSION='00000x'
ac_ct_CC='gcc'
am__EXEEXT_FALSE=''
am__EXEEXT_TRUE='#'
am__fastdepCC_FALSE=''
am__fastdepCC_TRUE='#'
am__include='include'
am__isrc=''
am__leading_dot='.'
am__nodep='_no'
am__quote=''
am__tar='$${TAR-tar} chof - "$$tardir"'
am__untar='$${TAR-tar} xf -'
bindir='${exec_prefix}/bin'
build_alias=''
datadir='${datarootdir}'
datarootdir='${prefix}/share'
docdir='${datarootdir}/doc/${PACKAGE_TARNAME}'
dvidir='${docdir}'
exec_prefix='${prefix}'
host_alias=''
htmldir='${docdir}'
includedir='${prefix}/include'
infodir='${datarootdir}/info'
install_sh='${SHELL} /root/c-icap-allow2/install-sh'
libdir='${exec_prefix}/lib'
libexecdir='${exec_prefix}/libexec'
localedir='${datarootdir}/locale'
localstatedir='${prefix}/var'
mandir='${datarootdir}/man'
mkdir_p='$(MKDIR_P)'
oldincludedir='/usr/include'
opencvinc=''
opencvlib=''
pdfdir='${docdir}'
prefix='/usr/local'
program_transform_name='s,x,x,'
psdir='${docdir}'
sbindir='${exec_prefix}/sbin'
sharedstatedir='${prefix}/com'
sysconfdir='${prefix}/etc'
target_alias=''

## ----------- ##
## confdefs.h. ##
## ----------- ##

/* confdefs.h */
#define PACKAGE_NAME "c_icap_classify"
#define PACKAGE_TARNAME "c_icap_classify"
#define PACKAGE_VERSION "00000x"
#define PACKAGE_STRING "c_icap_classify 00000x"
#define PACKAGE_BUGREPORT ""
#define PACKAGE_URL ""
#define PACKAGE "c_icap_classify"
#define VERSION "00000x"
#define LITTLE_ENDIAN 1
#define HAVE_SCANDIR 1
#define _DEFAULT_SOURCE 1
#define _SVID_SOURCE 1

configure: exit 1
